
> paktio@0.1.0 build
> next build

Γû▓ Next.js 16.1.1 (Turbopack)
- Environments: .env.local

node.exe : ΓÜá The "middleware" file 
convention is deprecated. Please use 
"proxy" instead. Learn more: https://nextjs.
org/docs/messages/middleware-to-proxy
At line:1 char:1
+ & "C:\Program Files\nodejs/node.exe" 
"C:\Users\vipin\AppData\Roaming\ ...
+ ~~~~~~~~~~~~~~~~~~~~~~~~~~~~~~~~~~~~~~~~~~
~~~~~~~~~~~~~~~~~~~~~~~~~~~
    + CategoryInfo          : NotSpecified: 
    (ΓÜá The "middle...leware-to-proxy:Str  
  ing) [], RemoteException
    + FullyQualifiedErrorId : NativeCommand 
   Error
 
  Creating an optimized production build ...

> Build error occurred
Error: Turbopack build failed with 2 errors:
./app/[lang]/layout.tsx:3:1
Module not found: Can't resolve 
'../../globals.css'
[0m [90m 1 |[39m [36mimport[39m type { 
[33mMetadata[39m } [36mfrom[39m 
[32m'next'[39m
 [90m 2 |[39m [36mimport[39m { 
[33mGeist[39m } [36mfrom[39m 
[32m'next/font/google'[39m
[31m[1m>[22m[39m[90m 3 |[39m 
[36mimport[39m 
[32m'../../globals.css'[39m
 [90m   |[39m [31m[1m^[22m[39m[31m[1
m^[22m[39m[31m[1m^[22m[39m[31m[1m^[
22m[39m[31m[1m^[22m[39m[31m[1m^[22m
[39m[31m[1m^[22m[39m[31m[1m^[22m[39m
[31m[1m^[22m[39m[31m[1m^[22m[39m[31
m[1m^[22m[39m[31m[1m^[22m[39m[31m[1
m^[22m[39m[31m[1m^[22m[39m[31m[1m^[
22m[39m[31m[1m^[22m[39m[31m[1m^[22m
[39m[31m[1m^[22m[39m[31m[1m^[22m[39m
[31m[1m^[22m[39m[31m[1m^[22m[39m[31
m[1m^[22m[39m[31m[1m^[22m[39m[31m[1
m^[22m[39m[31m[1m^[22m[39m[31m[1m^[
22m[39m
 [90m 4 |[39m [36mimport[39m 
[33mCookieBanner[39m [36mfrom[39m [32m'
@/components/shared/cookie-banner'[39m
 [90m 5 |[39m [36mimport[39m 
[33mChatSupport[39m [36mfrom[39m 
[32m'@/components/shared/chat-support'[39m
 [90m 6 |[39m[0m



https://nextjs.org/docs/messages/module-not-
found


./components/features/editor/contract-editor
.tsx:9:1
Module not found: Can't resolve 
'@/app/(dashboard)/editor/actions'
[0m [90m  7 |[39m [36mimport[39m { 
createContract[33m,[39m updateContract } 
[36mfrom[39m 
[32m'@/lib/dal/contracts'[39m
 [90m  8 |[39m [36mimport[39m type { 
[33mContractBlock[39m } [36mfrom[39m 
[32m'@/lib/types/database'[39m
[31m[1m>[22m[39m[90m  9 |[39m 
[36mimport[39m { requestSignatures } 
[36mfrom[39m 
[32m'@/app/(dashboard)/editor/actions'[39m
 [90m    |[39m [31m[1m^[22m[39m[31m[
1m^[22m[39m[31m[1m^[22m[39m[31m[1m^
[22m[39m[31m[1m^[22m[39m[31m[1m^[22m
[39m[31m[1m^[22m[39m[31m[1m^[22m[39
m[31m[1m^[22m[39m[31m[1m^[22m[39m[3
1m[1m^[22m[39m[31m[1m^[22m[39m[31m[
1m^[22m[39m[31m[1m^[22m[39m[31m[1m^
[22m[39m[31m[1m^[22m[39m[31m[1m^[22m
[39m[31m[1m^[22m[39m[31m[1m^[22m[39
m[31m[1m^[22m[39m[31m[1m^[22m[39m[3
1m[1m^[22m[39m[31m[1m^[22m[39m[31m[
1m^[22m[39m[31m[1m^[22m[39m[31m[1m^
[22m[39m[31m[1m^[22m[39m[31m[1m^[22m
[39m[31m[1m^[22m[39m[31m[1m^[22m[39
m[31m[1m^[22m[39m[31m[1m^[22m[39m[3
1m[1m^[22m[39m[31m[1m^[22m[39m[31m[
1m^[22m[39m[31m[1m^[22m[39m[31m[1m^
[22m[39m[31m[1m^[22m[39m[31m[1m^[22m
[39m[31m[1m^[22m[39m[31m[1m^[22m[39
m[31m[1m^[22m[39m[31m[1m^[22m[39m[3
1m[1m^[22m[39m[31m[1m^[22m[39m[31m[
1m^[22m[39m[31m[1m^[22m[39m[31m[1m^
[22m[39m[31m[1m^[22m[39m[31m[1m^[22m
[39m[31m[1m^[22m[39m[31m[1m^[22m[39
m[31m[1m^[22m[39m[31m[1m^[22m[39m[3
1m[1m^[22m[39m[31m[1m^[22m[39m[31m[
1m^[22m[39m[31m[1m^[22m[39m[31m[1m^
[22m[39m[31m[1m^[22m[39m[31m[1m^[22m
[39m[31m[1m^[22m[39m[31m[1m^[22m[39
m[31m[1m^[22m[39m[31m[1m^[22m[39m[3
1m[1m^[22m[39m[31m[1m^[22m[39m[31m[
1m^[22m[39m
 [90m 10 |[39m [36mimport[39m { 
[33mBreadcrumbs[39m } [36mfrom[39m 
[32m'@/components/ui/breadcrumbs'[39m
 [90m 11 |[39m [36mimport[39m { 
[33mTrash2[39m[33m,[39m 
[33mPlus[39m[33m,[39m 
[33mMoveUp[39m[33m,[39m 
[33mMoveDown[39m[33m,[39m 
[33mSparkles[39m[33m,[39m 
[33mFileLineChart[39m[33m,[39m 
[33mList[39m[33m,[39m 
[33mHeading1[39m[33m,[39m 
[33mAlignLeft[39m[33m,[39m 
[33mType[39m[33m,[39m 
[33mEye[39m[33m,[39m 
[33mX[39m[33m,[39m 
[33mPanelLeftClose[39m[33m,[39m 
[33mLayout[39m[33m,[39m 
[33mFilePenLine[39m[33m,[39m 
[33mBookOpen[39m } [36mfrom[39m 
[32m'lucide-react'[39m
 [90m 12 |[39m [36mimport[39m { cn } 
[36mfrom[39m [32m'@/lib/utils'[39m[0m

Import map: aliased to relative 
'./app/(dashboard)/editor/actions' inside 
of [project]/


Import trace:
  Server Component:
    ./components/features/editor/contract-ed
itor.tsx
    ./app/[lang]/(app)/(dashboard)/editor/pa
ge.tsx

https://nextjs.org/docs/messages/module-not-
found


    at <unknown> 
(./app/[lang]/layout.tsx:3:1)
    at <unknown> (https://nextjs.org/docs/me
ssages/module-not-found)
    at <unknown> (./components/features/edit
or/contract-editor.tsx:9:1)
    at <unknown> (https://nextjs.org/docs/me
ssages/module-not-found)
